{"location":"main.ts:connect","message":"sttClient.connect() about to be called","data":{"hypothesisId":"A"},"timestamp":1770534899802,"sessionId":"debug-session","runId":"run1"}
{"location":"stt-client.ts:connect","message":"connect() called","data":{"host":"localhost","controlPort":8011,"dataPort":8012,"hypothesisId":"A"},"timestamp":1770534899802,"sessionId":"debug-session","runId":"run1"}
{"location":"stt-client.ts:checkReady","message":"Both WS open, emitting connected","data":{"controlReady":true,"dataReady":true,"hypothesisId":"B"},"timestamp":1770534899827,"sessionId":"debug-session","runId":"run1"}
{"location":"relay.ts:onConnected","message":"relay onConnected fired, sending IPC","data":{"winDestroyed":false,"hypothesisId":"C"},"timestamp":1770534899827,"sessionId":"debug-session","runId":"run1"}
{"location":"main.ts:connect-ok","message":"sttClient.connect() resolved successfully","data":{"isConnected":true,"hypothesisId":"A"},"timestamp":1770534899828,"sessionId":"debug-session","runId":"run1"}
{"location":"main.ts:set-parameter","message":"IPC stt:set-parameter received","data":{"parameter":"silero_sensitivity","value":"0.05","isConnected":true,"hypothesisId":"F"},"timestamp":1770534900331,"sessionId":"debug-session","runId":"run1"}
{"location":"main.ts:set-parameter","message":"IPC stt:set-parameter received","data":{"parameter":"post_speech_silence_duration","value":"0.7","isConnected":true,"hypothesisId":"F"},"timestamp":1770534900332,"sessionId":"debug-session","runId":"run1"}
{"location":"main.ts:set-parameter","message":"IPC stt:set-parameter received","data":{"parameter":"language","value":"en","isConnected":true,"hypothesisId":"F"},"timestamp":1770534900332,"sessionId":"debug-session","runId":"run1"}
{"location":"main.ts:set-parameter","message":"IPC stt:set-parameter received","data":{"parameter":"model","value":"large-v3-turbo","isConnected":true,"hypothesisId":"F"},"timestamp":1770534900335,"sessionId":"debug-session","runId":"run1"}
{"location":"main.ts:set-parameter","message":"IPC stt:set-parameter received","data":{"parameter":"post_speech_silence_duration","value":"9999","isConnected":true,"hypothesisId":"F"},"timestamp":1770534902711,"sessionId":"debug-session","runId":"run1"}
{"location":"main.ts:set-parameter","message":"IPC stt:set-parameter received","data":{"parameter":"post_speech_silence_duration","value":"0.15","isConnected":true,"hypothesisId":"F"},"timestamp":1770534905046,"sessionId":"debug-session","runId":"run1"}
{"location":"main.ts:set-parameter","message":"IPC stt:set-parameter received","data":{"parameter":"post_speech_silence_duration","value":"9999","isConnected":true,"hypothesisId":"F"},"timestamp":1770534914597,"sessionId":"debug-session","runId":"run1"}
{"location":"main.ts:set-parameter","message":"IPC stt:set-parameter received","data":{"parameter":"post_speech_silence_duration","value":"0.15","isConnected":true,"hypothesisId":"F"},"timestamp":1770534918223,"sessionId":"debug-session","runId":"run1"}
{"location":"main.ts:set-parameter","message":"IPC stt:set-parameter received","data":{"parameter":"post_speech_silence_duration","value":"9999","isConnected":true,"hypothesisId":"F"},"timestamp":1770534921828,"sessionId":"debug-session","runId":"run1"}
{"location":"main.ts:set-parameter","message":"IPC stt:set-parameter received","data":{"parameter":"post_speech_silence_duration","value":"0.15","isConnected":true,"hypothesisId":"F"},"timestamp":1770534924922,"sessionId":"debug-session","runId":"run1"}
{"location":"stt-client.ts:fail","message":"WebSocket connection failed","data":{"error":"[object Object]","attempt":1,"hypothesisId":"B"},"timestamp":1770535187825,"sessionId":"debug-session","runId":"run1"}
{"location":"stt-client.ts:fail","message":"WebSocket connection failed","data":{"error":"[object Object]","attempt":2,"hypothesisId":"B"},"timestamp":1770535189837,"sessionId":"debug-session","runId":"run1"}
{"location":"stt-client.ts:fail","message":"WebSocket connection failed","data":{"error":"[object Object]","attempt":3,"hypothesisId":"B"},"timestamp":1770535193847,"sessionId":"debug-session","runId":"run1"}
{"location":"stt-client.ts:fail","message":"WebSocket connection failed","data":{"error":"[object Object]","attempt":4,"hypothesisId":"B"},"timestamp":1770535201854,"sessionId":"debug-session","runId":"run1"}
{"location":"stt-client.ts:checkReady","message":"Both WS open, emitting connected","data":{"controlReady":true,"dataReady":true,"hypothesisId":"B"},"timestamp":1770535217860,"sessionId":"debug-session","runId":"run1"}
{"location":"relay.ts:onConnected","message":"relay onConnected fired, sending IPC","data":{"winDestroyed":false,"hypothesisId":"C"},"timestamp":1770535217860,"sessionId":"debug-session","runId":"run1"}
{"location":"main.ts:set-parameter","message":"IPC stt:set-parameter received","data":{"parameter":"silero_sensitivity","value":"0.05","isConnected":true,"hypothesisId":"F"},"timestamp":1770535217863,"sessionId":"debug-session","runId":"run1"}
{"location":"main.ts:set-parameter","message":"IPC stt:set-parameter received","data":{"parameter":"post_speech_silence_duration","value":"0.7","isConnected":true,"hypothesisId":"F"},"timestamp":1770535217863,"sessionId":"debug-session","runId":"run1"}
{"location":"main.ts:set-parameter","message":"IPC stt:set-parameter received","data":{"parameter":"language","value":"en","isConnected":true,"hypothesisId":"F"},"timestamp":1770535217864,"sessionId":"debug-session","runId":"run1"}
{"location":"main.ts:set-parameter","message":"IPC stt:set-parameter received","data":{"parameter":"model","value":"large-v3-turbo","isConnected":true,"hypothesisId":"F"},"timestamp":1770535217864,"sessionId":"debug-session","runId":"run1"}
{"location":"main.ts:set-parameter","message":"IPC stt:set-parameter received","data":{"parameter":"post_speech_silence_duration","value":"9999","isConnected":true,"hypothesisId":"F"},"timestamp":1770535222646,"sessionId":"debug-session","runId":"run1"}
{"location":"main.ts:set-parameter","message":"IPC stt:set-parameter received","data":{"parameter":"post_speech_silence_duration","value":"0.15","isConnected":true,"hypothesisId":"F"},"timestamp":1770535225845,"sessionId":"debug-session","runId":"run1"}
{"location":"stt-client.ts:fail","message":"WebSocket connection failed","data":{"error":"[object Object]","attempt":1,"hypothesisId":"B"},"timestamp":1770535278887,"sessionId":"debug-session","runId":"run1"}
{"location":"stt-client.ts:fail","message":"WebSocket connection failed","data":{"error":"[object Object]","attempt":2,"hypothesisId":"B"},"timestamp":1770535280892,"sessionId":"debug-session","runId":"run1"}
{"location":"stt-client.ts:fail","message":"WebSocket connection failed","data":{"error":"[object Object]","attempt":3,"hypothesisId":"B"},"timestamp":1770535284908,"sessionId":"debug-session","runId":"run1"}
{"location":"stt-client.ts:fail","message":"WebSocket connection failed","data":{"error":"[object Object]","attempt":4,"hypothesisId":"B"},"timestamp":1770535292915,"sessionId":"debug-session","runId":"run1"}
{"location":"stt-client.ts:fail","message":"WebSocket connection failed","data":{"error":"[object Object]","attempt":5,"hypothesisId":"B"},"timestamp":1770535308932,"sessionId":"debug-session","runId":"run1"}
{"location":"stt-client.ts:fail","message":"WebSocket connection failed","data":{"error":"[object Object]","attempt":6,"hypothesisId":"B"},"timestamp":1770535338935,"sessionId":"debug-session","runId":"run1"}
{"location":"stt-client.ts:fail","message":"WebSocket connection failed","data":{"error":"[object Object]","attempt":7,"hypothesisId":"B"},"timestamp":1770535368950,"sessionId":"debug-session","runId":"run1"}
{"location":"stt-client.ts:fail","message":"WebSocket connection failed","data":{"error":"[object Object]","attempt":8,"hypothesisId":"B"},"timestamp":1770535398960,"sessionId":"debug-session","runId":"run1"}
{"location":"stt-client.ts:fail","message":"WebSocket connection failed","data":{"error":"[object Object]","attempt":9,"hypothesisId":"B"},"timestamp":1770535428963,"sessionId":"debug-session","runId":"run1"}
{"location":"stt-client.ts:fail","message":"WebSocket connection failed","data":{"error":"[object Object]","attempt":10,"hypothesisId":"B"},"timestamp":1770535458971,"sessionId":"debug-session","runId":"run1"}
{"location":"stt-client.ts:fail","message":"WebSocket connection failed","data":{"error":"[object Object]","attempt":11,"hypothesisId":"B"},"timestamp":1770535488975,"sessionId":"debug-session","runId":"run1"}
{"location":"stt-client.ts:fail","message":"WebSocket connection failed","data":{"error":"[object Object]","attempt":12,"hypothesisId":"B"},"timestamp":1770535518990,"sessionId":"debug-session","runId":"run1"}
{"location":"stt-client.ts:fail","message":"WebSocket connection failed","data":{"error":"[object Object]","attempt":13,"hypothesisId":"B"},"timestamp":1770535548998,"sessionId":"debug-session","runId":"run1"}
{"location":"stt-client.ts:fail","message":"WebSocket connection failed","data":{"error":"[object Object]","attempt":14,"hypothesisId":"B"},"timestamp":1770535579015,"sessionId":"debug-session","runId":"run1"}
{"location":"stt-client.ts:fail","message":"WebSocket connection failed","data":{"error":"[object Object]","attempt":15,"hypothesisId":"B"},"timestamp":1770535609019,"sessionId":"debug-session","runId":"run1"}
{"location":"stt-client.ts:fail","message":"WebSocket connection failed","data":{"error":"[object Object]","attempt":16,"hypothesisId":"B"},"timestamp":1770535639024,"sessionId":"debug-session","runId":"run1"}
{"location":"stt-client.ts:fail","message":"WebSocket connection failed","data":{"error":"[object Object]","attempt":17,"hypothesisId":"B"},"timestamp":1770535669026,"sessionId":"debug-session","runId":"run1"}
{"location":"stt-client.ts:fail","message":"WebSocket connection failed","data":{"error":"[object Object]","attempt":18,"hypothesisId":"B"},"timestamp":1770535699044,"sessionId":"debug-session","runId":"run1"}
{"location":"stt-client.ts:fail","message":"WebSocket connection failed","data":{"error":"[object Object]","attempt":19,"hypothesisId":"B"},"timestamp":1770535729053,"sessionId":"debug-session","runId":"run1"}
{"location":"stt-client.ts:fail","message":"WebSocket connection failed","data":{"error":"[object Object]","attempt":20,"hypothesisId":"B"},"timestamp":1770535759056,"sessionId":"debug-session","runId":"run1"}
{"location":"stt-client.ts:fail","message":"WebSocket connection failed","data":{"error":"[object Object]","attempt":21,"hypothesisId":"B"},"timestamp":1770535789073,"sessionId":"debug-session","runId":"run1"}
{"location":"stt-client.ts:fail","message":"WebSocket connection failed","data":{"error":"[object Object]","attempt":22,"hypothesisId":"B"},"timestamp":1770535819077,"sessionId":"debug-session","runId":"run1"}
